<?xml version="1.0" encoding="UTF-8"?>
<!-- Generated by org.testng.reporters.JUnitReportReporter -->
<testsuite hostname="LeoPC" failures="0" tests="2" name="rahulshettyacademy.tests.s21_StandAloneTest" time="71.656" errors="0" timestamp="2025-03-20T13:47:59 CST" skipped="0">
  <testcase classname="rahulshettyacademy.tests.s21_StandAloneTest" name="submitOrder" time="32.457"/>
  <testcase classname="rahulshettyacademy.tests.s21_StandAloneTest" name="submitOrder" time="39.199"/>
</testsuite> <!-- rahulshettyacademy.tests.s21_StandAloneTest -->
