<?xml version="1.0" encoding="UTF-8"?>
<!-- Generated by org.testng.reporters.JUnitReportReporter -->
<testsuite hostname="LeoPC" failures="0" tests="2" name="rahulshettyacademy.tests.s20_ErrorValidation" time="69.219" errors="0" timestamp="2025-03-21T12:19:42 CST" skipped="0">
  <testcase classname="rahulshettyacademy.tests.s20_ErrorValidation" name="ProductErrorValidation" time="40.428"/>
  <testcase classname="rahulshettyacademy.tests.s20_ErrorValidation" name="LoginErrorValidation" time="28.791"/>
</testsuite> <!-- rahulshettyacademy.tests.s20_ErrorValidation -->
