<?xml version="1.0" encoding="UTF-8"?>
<!-- Generated by org.testng.reporters.JUnitReportReporter -->
<testsuite hostname="LeoPC" failures="0" tests="2" name="rahulshettyacademy.tests.s20_StandAloneTest" time="75.920" errors="0" timestamp="2025-03-21T12:19:42 CST" skipped="0">
  <testcase classname="rahulshettyacademy.tests.s20_StandAloneTest" name="OrderHistoryTest" time="9.907"/>
  <testcase classname="rahulshettyacademy.tests.s20_StandAloneTest" name="submitOrder" time="66.013"/>
</testsuite> <!-- rahulshettyacademy.tests.s20_StandAloneTest -->
