<?xml version="1.0" encoding="UTF-8"?>
<!-- Generated by org.testng.reporters.JUnitReportReporter -->
<testsuite hostname="LeoPC" failures="0" tests="1" name="cucumber.s25_TestNGTestRunner" time="10.491" errors="0" timestamp="2025-03-26T16:23:12 CST" skipped="0">
  <testcase classname="cucumber.s25_TestNGTestRunner" name="runScenario" time="10.491"/>
</testsuite> <!-- cucumber.s25_TestNGTestRunner -->
